выполнено: pwd(C:\Users\V\PycharmProjects\ftp server\docs) ошибки: -
выполнено: ls(C:\Users\V\PycharmProjects\ftp server\docs) ошибки: -
выполнено: mkdir(C:\Users\V\PycharmProjects\ftp server\docs/test1.txt) ошибки: - 
выполнено: rmdir(C:\Users\V\PycharmProjects\ftp server\docs\test1.txt) ошибки: -
выполнено: mkdir(C:\Users\V\PycharmProjects\ftp server\docs\e) ошибки: - 
выполнено: mkdir(C:\Users\V\PycharmProjects\ftp server\docs\e) ошибки: файл(директория) уже существует 
выполнено: ls(C:\Users\V\PycharmProjects\ftp server\docs) ошибки: -
выполнено: pwd(C:\Users\V\PycharmProjects\ftp server\docs\e) ошибки: -
выполнено: pwd(C:\Users\V\PycharmProjects\ftp server\docs\e) ошибки: -
выполнено: pwd(C:\Users\V\PycharmProjects\ftp server\docs\e\..) ошибки: -
выполнено: pwd(C:\Users\V\PycharmProjects\ftp server\docs\e\..) ошибки: -
выполнено: pwd(C:\docs) ошибки: -
выполнено: ls(C:\docs) ошибки: -
выполнено: ls(C:\docs) ошибки: -
выполнено: ls(C:\Users\V\PycharmProjects\ftp server\docs) ошибки: -
выполнено: pwd(C:\Users\V\PycharmProjects\ftp server\docs) ошибки: -
закрыто соединение 
 
выполнено: pwd(C:\Users\V\PycharmProjects\ftp server\docs) ошибки: -
закрыто соединение 
 
соединение установлено 
 
выполнено: pwd(C:\Users\V\PycharmProjects\ftp server\docs) ошибки: -
соединение установлено 
 
закрыто соединение 
 
2022-11-23 19:37:38.387930 соединение установлено 
 
выполнено: pwd(C:\Users\V\PycharmProjects\ftp server\docs) ошибки: -
2022-11-23 19:37:59.026110 соединение установлено 
 
2022-11-23 19:37:59.032111 закрыто соединение 
 
Добавлен пользователь Вика
2022-11-23 19:41:39.487637 соединение установлено 
 
выполнено: pwd(C:\Users\V\PycharmProjects\ftp server\docs) ошибки: -
2022-11-23 19:41:42.590815 соединение установлено 
 
2022-11-23 19:41:42.592815 закрыто соединение 
 
Вход выполнен успешно: пароль верный.
Подключился известный пользователь
2022-11-23 19:45:41.604311 соединение установлено 
 
выполнено: pwd(C:\Users\V\PycharmProjects\ftp server\docs) ошибки: -
2022-11-23 19:52:44.954499 соединение установлено 
 
выполнено: pwd(C:\Users\V\PycharmProjects\ftp server\docs) ошибки: -
2022-11-23 19:54:47.141487 соединение установлено 
 
выполнено: pwd(C:\Users\V\PycharmProjects\ftp server\Vika) ошибки: -
2022-11-23 19:56:39.981926 соединение установлено 

2022-11-23 19:57:20.474242 соединение установлено 
 
2022-11-23 19:58:29.903213 соединение установлено 
 
2022-11-23 20:05:21.117611 соединение установлено 
 
выполнено: pwd(C:\Users\V\PycharmProjects\ftp server\Vika) ошибки: -
2022-11-23 20:05:24.108782 соединение установлено 
 
2022-11-23 20:06:28.554407 соединение установлено 

 
